[    0.000000] Linux version 4.15.0-99-generic (buildd@lcy01-amd64-013) (gcc version 7.5.0 (Ubuntu 7.5.0-3ubuntu1~18.04)) #100-Ubuntu SMP Wed Apr 22 20:32:56 UTC 2020 (Ubuntu 4.15.0-99.100-generic 4.15.18)
[    0.000000] Command line: BOOT_IMAGE=/boot/vmlinuz-4.15.0-99-generic root=LABEL=cloudimg-rootfs ro console=tty1 console=ttyS0
[    0.000000] KERNEL supported cpus:
[    0.000000]   Intel GenuineIntel
[    0.000000]   AMD AuthenticAMD
[    0.000000]   Centaur CentaurHauls
[    0.000000] x86/fpu: Supporting XSAVE feature 0x001: 'x87 floating point registers'
[    0.000000] x86/fpu: Supporting XSAVE feature 0x002: 'SSE registers'
[    0.000000] x86/fpu: Supporting XSAVE feature 0x004: 'AVX registers'
[    0.000000] x86/fpu: xstate_offset[2]:  576, xstate_sizes[2]:  256
[    0.000000] x86/fpu: Enabled xstate features 0x7, context size is 832 bytes, using 'standard' format.
[    0.000000] e820: BIOS-provided physical RAM map:
[    0.000000] BIOS-e820: [mem 0x0000000000000000-0x000000000009fbff] usable
[    0.000000] BIOS-e820: [mem 0x000000000009fc00-0x000000000009ffff] reserved
[    0.000000] BIOS-e820: [mem 0x00000000000f0000-0x00000000000fffff] reserved
[    0.000000] BIOS-e820: [mem 0x0000000000100000-0x000000003ffeffff] usable
[    0.000000] BIOS-e820: [mem 0x000000003fff0000-0x000000003fffffff] ACPI data
[    0.000000] BIOS-e820: [mem 0x00000000fec00000-0x00000000fec00fff] reserved
[    0.000000] BIOS-e820: [mem 0x00000000fee00000-0x00000000fee00fff] reserved
[    0.000000] BIOS-e820: [mem 0x00000000fffc0000-0x00000000ffffffff] reserved
[    0.000000] NX (Execute Disable) protection: active
[    0.000000] SMBIOS 2.5 present.
[    0.000000] DMI: innotek GmbH VirtualBox/VirtualBox, BIOS VirtualBox 12/01/2006
[    0.000000] Hypervisor detected: KVM
[    0.000000] e820: last_pfn = 0x3fff0 max_arch_pfn = 0x400000000
[    0.000000] MTRR: Disabled
[    0.000000] x86/PAT: MTRRs disabled, skipping PAT initialization too.
[    0.000000] CPU MTRRs all blank - virtualized system.
[    0.000000] x86/PAT: Configuration [0-7]: WB  WT  UC- UC  WB  WT  UC- UC  
[    0.000000] found SMP MP-table at [mem 0x0009fff0-0x0009ffff]
[    0.000000] Scanning 1 areas for low memory corruption
[    0.000000] RAMDISK: [mem 0x35a6b000-0x36d2cfff]
[    0.000000] ACPI: Early table checksum verification disabled
[    0.000000] ACPI: RSDP 0x00000000000E0000 000024 (v02 VBOX  )
[    0.000000] ACPI: XSDT 0x000000003FFF0030 00003C (v01 VBOX   VBOXXSDT 00000001 ASL  00000061)
[    0.000000] ACPI: FACP 0x000000003FFF00F0 0000F4 (v04 VBOX   VBOXFACP 00000001 ASL  00000061)
[    0.000000] ACPI: DSDT 0x000000003FFF0470 002325 (v02 VBOX   VBOXBIOS 00000002 INTL 20100528)
[    0.000000] ACPI: FACS 0x000000003FFF0200 000040
[    0.000000] ACPI: FACS 0x000000003FFF0200 000040
[    0.000000] ACPI: APIC 0x000000003FFF0240 00005C (v02 VBOX   VBOXAPIC 00000001 ASL  00000061)
[    0.000000] ACPI: SSDT 0x000000003FFF02A0 0001CC (v01 VBOX   VBOXCPUT 00000002 INTL 20100528)
[    0.000000] No NUMA configuration found
[    0.000000] Faking a node at [mem 0x0000000000000000-0x000000003ffeffff]
[    0.000000] NODE_DATA(0) allocated [mem 0x3ffc5000-0x3ffeffff]
[    0.000000] kvm-clock: cpu 0, msr 0:3ff44001, primary cpu clock
[    0.000000] kvm-clock: Using msrs 4b564d01 and 4b564d00
[    0.000000] kvm-clock: using sched offset of 5451175399 cycles
[    0.000000] clocksource: kvm-clock: mask: 0xffffffffffffffff max_cycles: 0x1cd42e4dffb, max_idle_ns: 881590591483 ns
[    0.000000] Zone ranges:
[    0.000000]   DMA      [mem 0x0000000000001000-0x0000000000ffffff]
[    0.000000]   DMA32    [mem 0x0000000001000000-0x000000003ffeffff]
[    0.000000]   Normal   empty
[    0.000000]   Device   empty
[    0.000000] Movable zone start for each node
[    0.000000] Early memory node ranges
[    0.000000]   node   0: [mem 0x0000000000001000-0x000000000009efff]
[    0.000000]   node   0: [mem 0x0000000000100000-0x000000003ffeffff]
[    0.000000] Reserved but unavailable: 98 pages
[    0.000000] Initmem setup node 0 [mem 0x0000000000001000-0x000000003ffeffff]
[    0.000000] ACPI: PM-Timer IO Port: 0x4008
[    0.000000] IOAPIC[0]: apic_id 2, version 32, address 0xfec00000, GSI 0-23
[    0.000000] ACPI: INT_SRC_OVR (bus 0 bus_irq 0 global_irq 2 dfl dfl)
[    0.000000] ACPI: INT_SRC_OVR (bus 0 bus_irq 9 global_irq 9 low level)
[    0.000000] Using ACPI (MADT) for SMP configuration information
[    0.000000] smpboot: Allowing 2 CPUs, 0 hotplug CPUs
[    0.000000] PM: Registered nosave memory: [mem 0x00000000-0x00000fff]
[    0.000000] PM: Registered nosave memory: [mem 0x0009f000-0x0009ffff]
[    0.000000] PM: Registered nosave memory: [mem 0x000a0000-0x000effff]
[    0.000000] PM: Registered nosave memory: [mem 0x000f0000-0x000fffff]
[    0.000000] e820: [mem 0x40000000-0xfebfffff] available for PCI devices
[    0.000000] Booting paravirtualized kernel on KVM
[    0.000000] clocksource: refined-jiffies: mask: 0xffffffff max_cycles: 0xffffffff, max_idle_ns: 7645519600211568 ns
[    0.000000] random: get_random_bytes called from start_kernel+0x99/0x4fd with crng_init=0
[    0.000000] setup_percpu: NR_CPUS:8192 nr_cpumask_bits:2 nr_cpu_ids:2 nr_node_ids:1
[    0.000000] percpu: Embedded 45 pages/cpu s147456 r8192 d28672 u1048576
[    0.000000] PV qspinlock hash table entries: 256 (order: 0, 4096 bytes)
[    0.000000] Built 1 zonelists, mobility grouping on.  Total pages: 257913
[    0.000000] Policy zone: DMA32
[    0.000000] Kernel command line: BOOT_IMAGE=/boot/vmlinuz-4.15.0-99-generic root=LABEL=cloudimg-rootfs ro console=tty1 console=ttyS0
[    0.000000] Memory: 983060K/1048120K available (12300K kernel code, 2481K rwdata, 4268K rodata, 2432K init, 2712K bss, 65060K reserved, 0K cma-reserved)
[    0.000000] SLUB: HWalign=64, Order=0-3, MinObjects=0, CPUs=2, Nodes=1
[    0.000000] Kernel/User page tables isolation: enabled
[    0.000000] ftrace: allocating 39364 entries in 154 pages
[    0.004000] Hierarchical RCU implementation.
[    0.004000] 	RCU restricting CPUs from NR_CPUS=8192 to nr_cpu_ids=2.
[    0.004000] 	Tasks RCU enabled.
[    0.004000] RCU: Adjusting geometry for rcu_fanout_leaf=16, nr_cpu_ids=2
[    0.004000] NR_IRQS: 524544, nr_irqs: 440, preallocated irqs: 16
[    0.004000] Console: colour VGA+ 80x25
[    0.004000] console [tty1] enabled
[    0.004000] console [ttyS0] enabled
[    0.004000] ACPI: Core revision 20170831
[    0.004000] ACPI: 2 ACPI AML tables successfully acquired and loaded
[    0.004000] APIC: Switch to symmetric I/O mode setup
[    0.004000] x2apic enabled
[    0.004000] Switched APIC routing to physical x2apic.
[    0.004000] ..TIMER: vector=0x30 apic1=0 pin1=2 apic2=-1 pin2=-1
[    0.004006] tsc: Detected 2903.998 MHz processor
[    0.005158] Calibrating delay loop (skipped) preset value.. 5807.99 BogoMIPS (lpj=11615992)
[    0.005573] pid_max: default: 32768 minimum: 301
[    0.008038] Security Framework initialized
[    0.008890] Yama: becoming mindful.
[    0.009603] AppArmor: AppArmor initialized
[    0.013422] Dentry cache hash table entries: 131072 (order: 8, 1048576 bytes)
[    0.015454] Inode-cache hash table entries: 65536 (order: 7, 524288 bytes)
[    0.016018] Mount-cache hash table entries: 2048 (order: 2, 16384 bytes)
[    0.017522] Mountpoint-cache hash table entries: 2048 (order: 2, 16384 bytes)
[    0.020422] Last level iTLB entries: 4KB 64, 2MB 8, 4MB 8
[    0.022089] Last level dTLB entries: 4KB 64, 2MB 0, 4MB 0, 1GB 4
[    0.023337] Spectre V1 : Mitigation: usercopy/swapgs barriers and __user pointer sanitization
[    0.024005] Spectre V2 : Mitigation: Full generic retpoline
[    0.025307] Spectre V2 : Spectre v2 / SpectreRSB mitigation: Filling RSB on context switch
[    0.028002] Speculative Store Bypass: Vulnerable
[    0.029466] MDS: Mitigation: Clear CPU buffers
[    0.030671] Freeing SMP alternatives memory: 36K
[    0.141473] APIC calibration not consistent with PM-Timer: 98ms instead of 100ms
[    0.143839] APIC delta adjusted to PM-Timer: 6243007 (6179593)
[    0.144066] smpboot: CPU0: Intel(R) Core(TM) i7-7820HQ CPU @ 2.90GHz (family: 0x6, model: 0x9e, stepping: 0x9)
[    0.145854] Performance Events: unsupported p6 CPU model 158 no PMU driver, software events only.
[    0.148000] Hierarchical SRCU implementation.
[    0.148502] NMI watchdog: Perf event create on CPU 0 failed with -2
[    0.149593] NMI watchdog: Perf NMI watchdog permanently disabled
[    0.150764] smp: Bringing up secondary CPUs ...
[    0.152069] x86: Booting SMP configuration:
[    0.152890] .... node  #0, CPUs:      #1
[    0.004000] kvm-clock: cpu 1, msr 0:3ff44041, secondary cpu clock
[    0.158138] smp: Brought up 1 node, 2 CPUs
[    0.158138] smpboot: Max logical packages: 1
[    0.160005] smpboot: Total of 2 processors activated (11615.99 BogoMIPS)
[    0.161308] devtmpfs: initialized
[    0.161308] x86/mm: Memory block size: 128MB
[    0.162004] evm: security.selinux
[    0.164003] evm: security.SMACK64
[    0.164647] evm: security.SMACK64EXEC
[    0.165346] evm: security.SMACK64TRANSMUTE
[    0.166147] evm: security.SMACK64MMAP
[    0.167101] evm: security.apparmor
[    0.168002] evm: security.ima
[    0.168582] evm: security.capability
[    0.169293] clocksource: jiffies: mask: 0xffffffff max_cycles: 0xffffffff, max_idle_ns: 7645041785100000 ns
[    0.170135] futex hash table entries: 512 (order: 3, 32768 bytes)
[    0.173270] pinctrl core: initialized pinctrl subsystem
[    0.176020] RTC time: 10:19:45, date: 05/29/20
[    0.177043] NET: Registered protocol family 16
[    0.177937] audit: initializing netlink subsys (disabled)
[    0.179027] audit: type=2000 audit(1590747592.885:1): state=initialized audit_enabled=0 res=1
[    0.180011] cpuidle: using governor ladder
[    0.180848] cpuidle: using governor menu
[    0.181911] ACPI: bus type PCI registered
[    0.182819] acpiphp: ACPI Hot Plug PCI Controller Driver version: 0.5
[    0.184095] PCI: Using configuration type 1 for base access
[    0.185181] HugeTLB registered 2.00 MiB page size, pre-allocated 0 pages
[    0.188067] ACPI: Added _OSI(Module Device)
[    0.189104] ACPI: Added _OSI(Processor Device)
[    0.189936] ACPI: Added _OSI(3.0 _SCP Extensions)
[    0.192003] ACPI: Added _OSI(Processor Aggregator Device)
[    0.192986] ACPI: Added _OSI(Linux-Dell-Video)
[    0.193807] ACPI: Added _OSI(Linux-Lenovo-NV-HDMI-Audio)
[    0.195089] ACPI: Added _OSI(Linux-HPI-Hybrid-Graphics)
[    0.196355] ACPI: Executed 1 blocks of module-level executable AML code
[    0.200483] ACPI: Interpreter enabled
[    0.201523] ACPI: (supports S0 S5)
[    0.202209] ACPI: Using IOAPIC for interrupt routing
[    0.203980] PCI: Using host bridge windows from ACPI; if necessary, use "pci=nocrs" and report a bug
[    0.204179] ACPI: Enabled 2 GPEs in block 00 to 07
[    0.213309] ACPI: PCI Root Bridge [PCI0] (domain 0000 [bus 00-ff])
[    0.215092] acpi PNP0A03:00: _OSC: OS supports [ASPM ClockPM Segments MSI]
[    0.216385] acpi PNP0A03:00: _OSC: not requesting OS control; OS requires [ExtendedConfig ASPM ClockPM MSI]
[    0.218512] acpi PNP0A03:00: fail to add MMCONFIG information, can't access extended PCI configuration space under this bridge.
[    0.220492] PCI host bridge to bus 0000:00
[    0.221262] pci_bus 0000:00: root bus resource [io  0x0000-0x0cf7 window]
[    0.224003] pci_bus 0000:00: root bus resource [io  0x0d00-0xffff window]
[    0.225210] pci_bus 0000:00: root bus resource [mem 0x000a0000-0x000bffff window]
[    0.226738] pci_bus 0000:00: root bus resource [mem 0x40000000-0xfdffffff window]
[    0.228003] pci_bus 0000:00: root bus resource [bus 00-ff]
[    0.232611] pci 0000:00:01.1: legacy IDE quirk: reg 0x10: [io  0x01f0-0x01f7]
[    0.234988] pci 0000:00:01.1: legacy IDE quirk: reg 0x14: [io  0x03f6]
[    0.236000] pci 0000:00:01.1: legacy IDE quirk: reg 0x18: [io  0x0170-0x0177]
[    0.236003] pci 0000:00:01.1: legacy IDE quirk: reg 0x1c: [io  0x0376]
[    0.250737] pci 0000:00:07.0: quirk: [io  0x4000-0x403f] claimed by PIIX4 ACPI
[    0.252018] pci 0000:00:07.0: quirk: [io  0x4100-0x410f] claimed by PIIX4 SMB
[    0.258511] ACPI: PCI Interrupt Link [LNKA] (IRQs 5 9 10 *11)
[    0.260270] ACPI: PCI Interrupt Link [LNKB] (IRQs 5 9 *10 11)
[    0.261975] ACPI: PCI Interrupt Link [LNKC] (IRQs 5 *9 10 11)
[    0.263366] ACPI: PCI Interrupt Link [LNKD] (IRQs 5 9 10 *11)
[    0.264413] SCSI subsystem initialized
[    0.265176] pci 0000:00:02.0: vgaarb: setting as boot VGA device
[    0.265829] pci 0000:00:02.0: vgaarb: VGA device added: decodes=io+mem,owns=io+mem,locks=none
[    0.268004] pci 0000:00:02.0: vgaarb: bridge control possible
[    0.269059] vgaarb: loaded
[    0.269857] ACPI: bus type USB registered
[    0.270625] usbcore: registered new interface driver usbfs
[    0.272012] usbcore: registered new interface driver hub
[    0.273016] usbcore: registered new device driver usb
[    0.273991] EDAC MC: Ver: 3.0.0
[    0.276249] PCI: Using ACPI for IRQ routing
[    0.277094] NetLabel: Initializing
[    0.277756] NetLabel:  domain hash size = 128
[    0.278552] NetLabel:  protocols = UNLABELED CIPSOv4 CALIPSO
[    0.280015] NetLabel:  unlabeled traffic allowed by default
[    0.281025] clocksource: Switched to clocksource kvm-clock
[    0.292368] VFS: Disk quotas dquot_6.6.0
[    0.294173] VFS: Dquot-cache hash table entries: 512 (order 0, 4096 bytes)
[    0.295758] AppArmor: AppArmor Filesystem Enabled
[    0.297010] pnp: PnP ACPI init
[    0.299055] pnp: PnP ACPI: found 3 devices
[    0.308405] clocksource: acpi_pm: mask: 0xffffff max_cycles: 0xffffff, max_idle_ns: 2085701024 ns
[    0.310484] NET: Registered protocol family 2
[    0.311419] TCP established hash table entries: 8192 (order: 4, 65536 bytes)
[    0.312778] TCP bind hash table entries: 8192 (order: 5, 131072 bytes)
[    0.315646] TCP: Hash tables configured (established 8192 bind 8192)
[    0.316863] UDP hash table entries: 512 (order: 2, 16384 bytes)
[    0.317934] UDP-Lite hash table entries: 512 (order: 2, 16384 bytes)
[    0.319111] NET: Registered protocol family 1
[    0.319904] pci 0000:00:00.0: Limiting direct PCI/PCI transfers
[    0.321825] pci 0000:00:01.0: Activating ISA DMA hang workarounds
[    0.323315] pci 0000:00:02.0: Video device with shadowed ROM at [mem 0x000c0000-0x000dffff]
[    0.324959] Unpacking initramfs...
[    0.579676] Freeing initrd memory: 19208K
[    0.581061] clocksource: tsc: mask: 0xffffffffffffffff max_cycles: 0x29dc03c1beb, max_idle_ns: 440795205215 ns
[    0.582977] platform rtc_cmos: registered platform RTC device (no PNP device found)
[    0.584991] Scanning for low memory corruption every 60 seconds
[    0.586727] Initialise system trusted keyrings
[    0.588185] Key type blacklist registered
[    0.589099] workingset: timestamp_bits=36 max_order=18 bucket_order=0
[    0.591121] zbud: loaded
[    0.592063] squashfs: version 4.0 (2009/01/31) Phillip Lougher
[    0.594244] fuse init (API version 7.26)
[    0.597218] Key type asymmetric registered
[    0.598096] Asymmetric key parser 'x509' registered
[    0.599164] Block layer SCSI generic (bsg) driver version 0.4 loaded (major 246)
[    0.600674] io scheduler noop registered
[    0.601634] io scheduler deadline registered
[    0.602453] io scheduler cfq registered (default)
[    0.603711] ACPI: AC Adapter [AC] (off-line)
[    0.604608] input: Power Button as /devices/LNXSYSTM:00/LNXPWRBN:00/input/input0
[    0.606008] ACPI: Power Button [PWRF]
[    0.606767] input: Sleep Button as /devices/LNXSYSTM:00/LNXSLPBN:00/input/input1
[    0.608126] ACPI: Sleep Button [SLPF]
[    0.610270] ACPI: Battery Slot [BAT0] (battery present)
[    0.611426] Serial: 8250/16550 driver, 32 ports, IRQ sharing enabled
[    0.634328] 00:02: ttyS0 at I/O 0x3f8 (irq = 4, base_baud = 115200) is a 16550A
[    0.638313] Linux agpgart interface v0.103
[    0.640367] loop: module loaded
[    0.641973] scsi host0: ata_piix
[    0.642878] scsi host1: ata_piix
[    0.643503] ata1: PATA max UDMA/33 cmd 0x1f0 ctl 0x3f6 bmdma 0xd000 irq 14
[    0.644749] ata2: PATA max UDMA/33 cmd 0x170 ctl 0x376 bmdma 0xd008 irq 15
[    0.646259] libphy: Fixed MDIO Bus: probed
[    0.647091] tun: Universal TUN/TAP device driver, 1.6
[    0.648064] PPP generic driver version 2.4.2
[    0.649566] ehci_hcd: USB 2.0 'Enhanced' Host Controller (EHCI) Driver
[    0.650929] ehci-pci: EHCI PCI platform driver
[    0.651779] ehci-platform: EHCI generic platform driver
[    0.652848] ohci_hcd: USB 1.1 'Open' Host Controller (OHCI) Driver
[    0.653971] ohci-pci: OHCI PCI platform driver
[    0.654806] ohci-platform: OHCI generic platform driver
[    0.655734] uhci_hcd: USB Universal Host Controller Interface driver
[    0.657024] i8042: PNP: PS/2 Controller [PNP0303:PS2K,PNP0f03:PS2M] at 0x60,0x64 irq 1,12
[    0.659045] serio: i8042 KBD port at 0x60,0x64 irq 1
[    0.660097] serio: i8042 AUX port at 0x60,0x64 irq 12
[    0.661204] mousedev: PS/2 mouse device common for all mice
[    0.662752] input: AT Translated Set 2 keyboard as /devices/platform/i8042/serio0/input/input2
[    0.665135] rtc_cmos rtc_cmos: rtc core: registered rtc_cmos as rtc0
[    0.666718] rtc_cmos rtc_cmos: alarms up to one day, 114 bytes nvram
[    0.667861] i2c /dev entries driver
[    0.668598] device-mapper: uevent: version 1.0.3
[    0.669561] device-mapper: ioctl: 4.37.0-ioctl (2017-09-20) initialised: dm-devel@redhat.com
[    0.671391] ledtrig-cpu: registered to indicate activity on CPUs
[    0.673008] NET: Registered protocol family 10
[    0.677640] Segment Routing with IPv6
[    0.678689] NET: Registered protocol family 17
[    0.679603] Key type dns_resolver registered
[    0.681017] mce: Using 0 MCE banks
[    0.681912] RAS: Correctable Errors collector initialized.
[    0.682883] sched_clock: Marking stable (680993019, 0)->(833160348, -152167329)
[    0.684927] registered taskstats version 1
[    0.685690] Loading compiled-in X.509 certificates
[    0.688986] Loaded X.509 cert 'Build time autogenerated kernel key: 7480108fe56bba9284001dfb9078560125be4684'
[    0.691881] zswap: loaded using pool lzo/zbud
[    0.696035] Key type big_key registered
[    0.697153] Key type trusted registered
[    0.699436] Key type encrypted registered
[    0.700519] AppArmor: AppArmor sha1 policy hashing enabled
[    0.701521] ima: No TPM chip found, activating TPM-bypass! (rc=-19)
[    0.702647] ima: Allocated hash algorithm: sha1
[    0.703491] evm: HMAC attrs: 0x1
[    0.704442]   Magic number: 4:504:326
[    0.705427] rtc_cmos rtc_cmos: setting system clock to 2020-05-29 10:19:46 UTC (1590747586)
[    0.707049] BIOS EDD facility v0.16 2004-Jun-25, 0 devices found
[    0.708133] EDD information not available.
[    0.829383] Freeing unused kernel image memory: 2432K
[    1.140412] Write protecting the kernel read-only data: 20480k
[    1.142132] Freeing unused kernel image memory: 2008K
[    1.143495] Freeing unused kernel image memory: 1876K
[    1.151709] x86/mm: Checked W+X mappings: passed, no W+X pages found.
[    1.153444] x86/mm: Checking user space page tables
[    1.162258] x86/mm: Checked W+X mappings: passed, no W+X pages found.
Loading, please wait...
starting version 237
[    1.218904] e1000: Intel(R) PRO/1000 Network Driver - version 7.3.21-k8-NAPI
[    1.221419] e1000: Copyright (c) 1999-2006 Intel Corporation.
[    1.226187] Fusion MPT base driver 3.04.20
[    1.227540] Copyright (c) 1999-2008 LSI Corporation
[    1.241964] AVX2 version of gcm_enc/dec engaged.
[    1.243395] AES CTR mode by8 optimization enabled
[    1.244588] Fusion MPT SPI Host driver 3.04.20
[    1.437238] input: ImExPS/2 Generic Explorer Mouse as /devices/platform/i8042/serio1/input/input4
[    1.621098] e1000 0000:00:03.0 eth0: (PCI:33MHz:32-bit) 02:eb:10:d0:50:f8
[    1.622354] e1000 0000:00:03.0 eth0: Intel(R) PRO/1000 Network Connection
[    1.624819] e1000 0000:00:03.0 enp0s3: renamed from eth0
[    1.624821] mptbase: ioc0: Initiating bringup
[    1.732637] ioc0: LSI53C1030 A0: Capabilities={Initiator}
[    1.976555] scsi host2: ioc0: LSI53C1030 A0, FwRev=00000000h, Ports=1, MaxQ=256, IRQ=20
[    2.145315] scsi 2:0:0:0: Direct-Access     VBOX     HARDDISK         1.0  PQ: 0 ANSI: 5
[    2.172519] scsi target2:0:0: Beginning Domain Validation
[    2.177569] scsi target2:0:0: Domain Validation skipping write tests
[    2.178766] scsi target2:0:0: Ending Domain Validation
[    2.179821] scsi target2:0:0: asynchronous
[    2.181635] scsi 2:0:1:0: Direct-Access     VBOX     HARDDISK         1.0  PQ: 0 ANSI: 5
[    2.212069] scsi target2:0:1: Beginning Domain Validation
[    2.214723] random: fast init done
[    2.215843] scsi target2:0:1: Domain Validation skipping write tests
[    2.217336] scsi target2:0:1: Ending Domain Validation
[    2.218528] scsi target2:0:1: asynchronous
[    2.224225] random: systemd-udevd: uninitialized urandom read (16 bytes read)
[    2.225731] random: systemd-udevd: uninitialized urandom read (16 bytes read)
[    2.227594] random: systemd-udevd: uninitialized urandom read (16 bytes read)
[    2.229833] sd 2:0:0:0: Attached scsi generic sg0 type 0
[    2.231308] sd 2:0:0:0: [sda] 20971520 512-byte logical blocks: (10.7 GB/10.0 GiB)
[    2.233602] sd 2:0:0:0: [sda] Write Protect is off
[    2.235017] sd 2:0:0:0: [sda] Incomplete mode parameter data
[    2.236517] sd 2:0:0:0: [sda] Assuming drive cache: write through
[    2.238795] sd 2:0:1:0: Attached scsi generic sg1 type 0
[    2.240322] sd 2:0:1:0: [sdb] 20480 512-byte logical blocks: (10.5 MB/10.0 MiB)
[    2.242303] sd 2:0:1:0: [sdb] Write Protect is off
[    2.244839] sd 2:0:1:0: [sdb] Incomplete mode parameter data
[    2.246465] sd 2:0:1:0: [sdb] Assuming drive cache: write through
[    2.250646]  sda: sda1
[    2.251927] sd 2:0:0:0: [sda] Attached SCSI disk
[    2.253696] sd 2:0:1:0: [sdb] Attached SCSI disk
Begin: Loading essential drivers ... [    3.700318] raid6: sse2x1   gen() 11144 MB/s
[    3.748268] raid6: sse2x1   xor()  8020 MB/s
[    3.796267] raid6: sse2x2   gen() 14129 MB/s
[    3.844038] raid6: sse2x2   xor()  9809 MB/s
[    3.892582] raid6: sse2x4   gen() 17012 MB/s
[    3.940033] raid6: sse2x4   xor()  9107 MB/s
[    3.988012] raid6: avx2x1   gen() 22793 MB/s
[    4.036564] raid6: avx2x1   xor() 16198 MB/s
[    4.084054] raid6: avx2x2   gen() 24603 MB/s
[    4.132040] raid6: avx2x2   xor() 16577 MB/s
[    4.180246] raid6: avx2x4   gen() 32728 MB/s
[    4.228515] raid6: avx2x4   xor() 19174 MB/s
[    4.230114] raid6: using algorithm avx2x4 gen() 32728 MB/s
[    4.231607] raid6: .... xor() 19174 MB/s, rmw enabled
[    4.233109] raid6: using avx2x2 recovery algorithm
[    4.235205] xor: automatically using best checksumming function   avx       
[    4.237814] async_tx: api initialized (async)
done.
Begin: Running /scripts/init-premount ... done.
Begin: Mounting root file system ... Begin: Running /scripts/local-top ... done.
Begin: Running /scripts/local-premount ... [    4.279581] Btrfs loaded, crc32c=crc32c-intel
Scanning for Btrfs filesystems
done.
Warning: fsck not present, so skipping root file system
[    4.319125] EXT4-fs (sda1): mounted filesystem with ordered data mode. Opts: (null)
done.
Begin: Running /scripts/local-bottom ... done.
Begin: Running /scripts/init-bottom ... done.
[    4.487312] ip_tables: (C) 2000-2006 Netfilter Core Team
[    4.501376] systemd[1]: systemd 237 running in system mode. (+PAM +AUDIT +SELINUX +IMA +APPARMOR +SMACK +SYSVINIT +UTMP +LIBCRYPTSETUP +GCRYPT +GNUTLS +ACL +XZ +LZ4 +SECCOMP +BLKID +ELFUTILS +KMOD -IDN2 +IDN -PCRE2 default-hierarchy=hybrid)
[    4.505524] systemd[1]: Detected virtualization oracle.
[    4.506512] systemd[1]: Detected architecture x86-64.

Welcome to [1mUbuntu 18.04.4 LTS[0m!

[    4.511322] systemd[1]: Set hostname to <ubuntu>.
[    4.515659] systemd[1]: Initializing machine ID from random generator.
[    4.516962] systemd[1]: Installed transient /etc/machine-id file.
[    4.756268] systemd[1]: Reached target Swap.
[[0;32m  OK  [0m] Reached target Swap.
[    4.758042] systemd[1]: Reached target System Time Synchronized.
[[0;32m  OK  [0m] Reached target System Time Synchronized.
[    4.759683] systemd[1]: Started Forward Password Requests to Wall Directory Watch.
[[0;32m  OK  [0m] Started Forward Password Requests to Wall Directory Watch.
[    4.762484] systemd[1]: Reached target User and Group Name Lookups.
[[0;32m  OK  [0m] Reached target User and Group Name Lookups.
[[0;32m  OK  [0m] Created slice User and Session Slice.
[[0;32m  OK  [0m] Set up automount Arbitrary Executab…rmats File System Automount Point.
[[0;32m  OK  [0m] Created slice System Slice.
[[0;32m  OK  [0m] Listening on /dev/initctl Compatibility Named Pipe.
[[0;32m  OK  [0m] Listening on Journal Audit Socket.
[[0;32m  OK  [0m] Listening on udev Kernel Socket.
[[0;32m  OK  [0m] Created slice system-serial\x2dgetty.slice.
[[0;32m  OK  [0m] Listening on Syslog Socket.
[[0;32m  OK  [0m] Reached target Slices.
[[0;32m  OK  [0m] Listening on Journal Socket (/dev/log).
[[0;32m  OK  [0m] Listening on Journal Socket.
         Mounting POSIX Message Queue File System...
         Starting Load Kernel Modules...
         Starting Set the console keyboard layout...
         Mounting Kernel Debug File System...
[[0;32m  OK  [0m] Listening on udev Control Socket.
         Starting udev Coldplug all Devices...
[[0;32m  OK  [0m] Listening on LVM2 metadata daemon socket.
         Starting Create list of required st…ce nodes for the current kernel...
[    5.420991] Loading iSCSI transport class v2.0-870.
[    5.427689] iscsi: registered transport (tcp)
         Starting Remount Root and Kernel File Systems...
[[0;32m  OK  [0m] Listening on Device-mapper event daemon FIFOs.
         Starting Monitoring of LVM2 mirrors…ng dmeventd or progress polling...
         Starting Uncomplicated firewall...
         Starting Journal Service...
         Mounting Huge Pages File System...
[[0;32m  OK  [0m] Listening on Network Service Netlink Socket.
[[0;32m  OK  [0m] Listening on LVM2 poll daemon socket.
[[0;32m  OK  [0m] Mounted POSIX Message Queue File System.
[[0;32m  OK  [0m] Mounted Kernel Debug File System.
[    5.525969] EXT4-fs (sda1): re-mounted. Opts: (null)
[[0;32m  OK  [0m] Started Create list of required sta…vice nodes for the current kernel.
[[0;32m  OK  [0m] Started Remount Root and Kernel File Systems.
[[0;32m  OK  [0m] Mounted Huge Pages File System.
[[0;32m  OK  [0m] Started LVM2 metadata daemon.
[    5.551383] iscsi: registered transport (iser)
         Starting Load/Save Random Seed...
         Starting Create Static Device Nodes in /dev...
[[0;32m  OK  [0m] Started Journal Service.
[[0;32m  OK  [0m] Started Load Kernel Modules.
[[0;32m  OK  [0m] Started Uncomplicated firewall.
[[0;32m  OK  [0m] Started udev Coldplug all Devices.
[[0;32m  OK  [0m] Started Load/Save Random Seed.
         Starting Apply Kernel Variables...
         Mounting FUSE Control File System...
         Mounting Kernel Configuration File System...
         Starting Flush Journal to Persistent Storage...
[[0;32m  OK  [0m] Started Monitoring of LVM2 mirrors,…sing dmeventd or progress polling.
[[0;32m  OK  [0m] Mounted FUSE Control File System.
[[0;32m  OK  [0m] Mounted Kernel Configuration File System.
[[0;32m  OK  [0m] Started Apply Kernel Variables.
[[0;32m  OK  [0m] Started Create Static Device Nodes in /dev.
         Starting udev Kernel Device Manager...
[[0;32m  OK  [0m] Started Set the console keyboard layout.
[[0;32m  OK  [0m] Reached target Local File Systems (Pre).
[[0;32m  OK  [0m] Reached target Local File Systems.
         Starting Set console font and keymap...
         Starting AppArmor initialization...
         Starting ebtables ruleset management...
         Starting Tell Plymouth To Write Out Runtime Data...
         Starting Commit a transient machine-id on disk...
[[0;32m  OK  [0m] Started Flush Journal to Persistent Storage.
         Starting Create Volatile Files and Directories...
[[0;32m  OK  [0m] Started Set console font and keymap.
[[0;32m  OK  [0m] Started Tell Plymouth To Write Out Runtime Data.
[[0;32m  OK  [0m] Started udev Kernel Device Manager.
[[0;32m  OK  [0m] Started Dispatch Password Requests to Console Directory Watch.
[[0;32m  OK  [0m] Reached target Local Encrypted Volumes.
[[0;32m  OK  [0m] Started Create Volatile Files and Directories.
         Starting Update UTMP about System Boot/Shutdown...
[[0;32m  OK  [0m] Started Commit a transient machine-id on disk.
[[0;32m  OK  [0m] Started Update UTMP about System Boot/Shutdown.
[[0;32m  OK  [0m] Started ebtables ruleset management.
[[0;32m  OK  [0m] Found device /dev/ttyS0.
[[0;32m  OK  [0m] Listening on Load/Save RF Kill Switch Status /dev/rfkill Watch.
[[0;32m  OK  [0m] Started AppArmor initialization.
         Starting Initial cloud-init job (pre-networking)...
[    7.786661] cloud-init[548]: Cloud-init v. 19.4-33-gbb4131a2-0ubuntu1~18.04.1 running 'init-local' at Fri, 29 May 2020 10:19:53 +0000. Up 7.42 seconds.
[[0;32m  OK  [0m] Started Initial cloud-init job (pre-networking).
[[0;32m  OK  [0m] Reached target Network (Pre).
         Starting Network Service...
[[0;32m  OK  [0m] Started Network Service.
         Starting Network Name Resolution...
         Starting Wait for Network to be Configured...
[[0;32m  OK  [0m] Started Network Name Resolution.
[[0;32m  OK  [0m] Reached target Network.
[[0;32m  OK  [0m] Reached target Host and Network Name Lookups.
[[0;32m  OK  [0m] Started Wait for Network to be Configured.
         Starting Initial cloud-init job (metadata service crawler)...
[   10.073381] cloud-init[665]: Cloud-init v. 19.4-33-gbb4131a2-0ubuntu1~18.04.1 running 'init' at Fri, 29 May 2020 10:19:55 +0000. Up 9.91 seconds.
[   10.075898] cloud-init[665]: ci-info: ++++++++++++++++++++++++++++++++++++++Net device info++++++++++++++++++++++++++++++++++++++
[   10.076999] cloud-init[665]: ci-info: +--------+------+----------------------------+---------------+--------+-------------------+
[   10.079616] cloud-init[665]: ci-info: | Device |  Up  |          Address           |      Mask     | Scope  |     Hw-Address    |
[   10.081547] cloud-init[665]: ci-info: +--------+------+----------------------------+---------------+--------+-------------------+
[   10.096439] cloud-init[665]: ci-info: | enp0s3 | True |         10.0.2.15          | 255.255.255.0 | global | 02:eb:10:d0:50:f8 |
[   10.099589] cloud-init[665]: ci-info: | enp0s3 | True | fe80::eb:10ff:fed0:50f8/64 |       .       |  link  | 02:eb:10:d0:50:f8 |
[   10.102626] cloud-init[665]: ci-info: |   lo   | True |         127.0.0.1          |   255.0.0.0   |  host  |         .         |
[   10.105280] cloud-init[665]: ci-info: |   lo   | True |          ::1/128           |       .       |  host  |         .         |
[   10.108481] cloud-init[665]: ci-info: +--------+------+----------------------------+---------------+--------+-------------------+
[   10.111488] cloud-init[665]: ci-info: ++++++++++++++++++++++++++++Route IPv4 info+++++++++++++++++++++++++++++
[   10.113820] cloud-init[665]: ci-info: +-------+-------------+----------+-----------------+-----------+-------+
[   10.116357] cloud-init[665]: ci-info: | Route | Destination | Gateway  |     Genmask     | Interface | Flags |
[   10.119454] cloud-init[665]: ci-info: +-------+-------------+----------+-----------------+-----------+-------+
[   10.121759] cloud-init[665]: ci-info: |   0   |   0.0.0.0   | 10.0.2.2 |     0.0.0.0     |   enp0s3  |   UG  |
[   10.124239] cloud-init[665]: ci-info: |   1   |   10.0.2.0  | 0.0.0.0  |  255.255.255.0  |   enp0s3  |   U   |
[   10.126625] cloud-init[665]: ci-info: |   2   |   10.0.2.2  | 0.0.0.0  | 255.255.255.255 |   enp0s3  |   UH  |
[   10.129139] cloud-init[665]: ci-info: +-------+-------------+----------+-----------------+-----------+-------+
[   10.131154] cloud-init[665]: ci-info: +++++++++++++++++++Route IPv6 info+++++++++++++++++++
[   10.132931] cloud-init[665]: ci-info: +-------+-------------+---------+-----------+-------+
[   10.134388] cloud-init[665]: ci-info: | Route | Destination | Gateway | Interface | Flags |
[   10.136410] cloud-init[665]: ci-info: +-------+-------------+---------+-----------+-------+
[   10.148258] cloud-init[665]: ci-info: |   1   |  fe80::/64  |    ::   |   enp0s3  |   U   |
[   10.150340] cloud-init[665]: ci-info: |   3   |    local    |    ::   |   enp0s3  |   U   |
[   10.152705] cloud-init[665]: ci-info: |   4   |   ff00::/8  |    ::   |   enp0s3  |   U   |
[   10.154880] cloud-init[665]: ci-info: +-------+-------------+---------+-----------+-------+
[   11.060925] cloud-init[665]: Generating public/private rsa key pair.
[   11.062925] cloud-init[665]: Your identification has been saved in /etc/ssh/ssh_host_rsa_key.
[   11.065279] cloud-init[665]: Your public key has been saved in /etc/ssh/ssh_host_rsa_key.pub.
[   11.067562] cloud-init[665]: The key fingerprint is:
[   11.068940] cloud-init[665]: SHA256:PjRT8yxO0Nj6b0w6ecfp6dO3HQPqCNfSw0KSsbrh2Xc root@ubuntu-bionic
[   11.070838] cloud-init[665]: The key's randomart image is:
[   11.071949] cloud-init[665]: +---[RSA 2048]----+
[   11.073822] cloud-init[665]: |                 |
[   11.074919] cloud-init[665]: |         +       |
[   11.076782] cloud-init[665]: |       .o =      |
[   11.078096] cloud-init[665]: |        ++ +     |
[   11.079455] cloud-init[665]: |       +S.o o.   |
[   11.081235] cloud-init[665]: |      .oo*+.o .  |
[   11.082680] cloud-init[665]: |     o .o+o@ . = |
[   11.084277] cloud-init[665]: |    . = ooOE= =.*|
[   11.086014] cloud-init[665]: |     + ....=.++o+|
[   11.087116] cloud-init[665]: +----[SHA256]-----+
[   11.088558] cloud-init[665]: Generating public/private dsa key pair.
[   11.090543] cloud-init[665]: Your identification has been saved in /etc/ssh/ssh_host_dsa_key.
[   11.093551] cloud-init[665]: Your public key has been saved in /etc/ssh/ssh_host_dsa_key.pub.
[   11.096209] cloud-init[665]: The key fingerprint is:
[   11.097490] cloud-init[665]: SHA256:PY+hnRYZ2QqObKWSCPnizg7HLp2NMC+voLcZIxpjb8Q root@ubuntu-bionic
[   11.099674] cloud-init[665]: The key's randomart image is:
[   11.100649] cloud-init[665]: +---[DSA 1024]----+
[   11.102095] cloud-init[665]: |                 |
[   11.103387] cloud-init[665]: | .         o     |
[   11.104595] cloud-init[665]: |o       o o .    |
[   11.105834] cloud-init[665]: | o . o = o +     |
[   11.107192] cloud-init[665]: |. + o = S B      |
[   11.109047] cloud-init[665]: |+o E o   o B     |
[   11.110750] cloud-init[665]: |*B*+    . = .    |
[   11.112419] cloud-init[665]: |@*B=.    .       |
[   11.113628] cloud-init[665]: |=X*o             |
[   11.114924] cloud-init[665]: +----[SHA256]-----+
[   11.116386] cloud-init[665]: Generating public/private ecdsa key pair.
[   11.117689] cloud-init[665]: Your identification has been saved in /etc/ssh/ssh_host_ecdsa_key.
[   11.119861] cloud-init[665]: Your public key has been saved in /etc/ssh/ssh_host_ecdsa_key.pub.
[   11.122414] cloud-init[665]: The key fingerprint is:
[   11.123674] cloud-init[665]: SHA256:4gW7gEsTUm4AXJQgV/JAClTCs059rTgZwyaojk1nrwI root@ubuntu-bionic
[   11.125914] cloud-init[665]: The key's randomart image is:
[   11.127343] cloud-init[665]: +---[ECDSA 256]---+
[   11.128309] cloud-init[665]: |X=@=o            |
[   11.129422] cloud-init[665]: |oX.=             |
[   11.130837] cloud-init[665]: |+ O . o          |
[   11.132110] cloud-init[665]: |.* O . +         |
[   11.133596] cloud-init[665]: |+ * B + S        |
[[0;32m  OK  [0m] Started Initial cloud-init job (metadata service crawler).
[[0;32m  OK  [0m] Reached target System Initialization.
[[0;32m  OK  [0m] Listening on D-Bus System Message Bus Socket.
[[0;32m  OK  [0m] Listening on Open-iSCSI iscsid Socket.
[[0;32m  OK  [0m] Started Message of the Day.
[[0;32m  OK  [0m] Started Daily apt download activities.
[[0;32m  OK  [0m] Started ACPI Events Check.
[[0;32m  OK  [0m] Listening on ACPID Listen Socket.
[[0;32m  OK  [0m] Started Discard unused blocks once a week.
[   11.141886] cloud-init[665]: |Eo.*o+ +         |
[   11.146550] cloud-init[665]: |o+.o..o          |
[   11.147455] cloud-init[665]: |..o   .          |
         Starting LXD - unix socket.
[[0;32m  OK  [0m] Started Daily apt upgrade and clean activities.
[[0;32m  OK  [0m] Listening on UUID daemon activation socket.
         Starting Socket activation for snappy daemon.
[[0;32m  OK  [0m] Reached target Paths.
[[0;32m  OK  [0m] Started Daily Cleanup of Temporary Directories.
[[0;32m  OK  [0m] Reached target Timers.
[[0;32m  OK  [0m] Reached target Network is Online.
[   11.148455] cloud-init[665]: |   ...           |
[[   11.184396] cloud-init[665]: +----[SHA256]-----+
[   11.184447] cloud-init[665]: Generating public/private ed25519 key pair.
[   11.185169] cloud-init[665]: Your identification has been saved in /etc/ssh/ssh_host_ed25519_key.
[   11.186018] cloud-init[665]: Your public key has been saved in /etc/ssh/ssh_host_ed25519_key.pub.
[   11.186161] cloud-init[665]: The key fingerprint is:
[   11.186202] cloud-init[665]: SHA256:GP73GamOpGxv2PNmY5cWK3n5qWLRzcokXTB7afjwUcU root@ubuntu-bionic
[   11.186233] cloud-init[665]: The key's randomart image is:
[   11.186264] cloud-init[665]: +--[ED25519 256]--+
[   11.186297] cloud-init[665]: |               .o|
[   11.187418] cloud-init[665]: [0;32m  OK  [0m] Reached target Remote File Systems (Pre).
[[0;32m  OK  [0m] Reached target Remote File Systems.
         Starting Availability of block devices...
[[0;32m  OK  [0m] Reached target Cloud-config availability.
[[0;32m  OK  [0m] Listening on LXD - unix socket.
[[0;32m  OK  [0m] Listening on Socket activation for snappy daemon.
[[0;32m  OK  [0m] Reached target Sockets.
[[0;32m  OK  [0m] Reached target Basic System.
|            o   E|
[   11.202326] cloud-init[665]: |      .      = o |
[[0;32m  OK  [0m] Started Deferred execution scheduler.
[   11.206670] cloud-init[665]: |     . o    + *  |
[   11.209566] cloud-init[665]: |      o S  o X . |
[   11.210542] cloud-init[665]: |       .  o =.=  |
[   11.211493] cloud-init[665]: |       oo .*o*   |
[   11.212503] cloud-init[665]: |     .oo+oXoXo . |
[   11.213744] cloud-init[665]: |     .oooO+B+oo  |
[   11.214802] cloud-init[665]: +----[SHA256]-----+
[[0;32m  OK  [0m] Started Regular background program processing daemon.
         Starting Accounts Service...
         Starting System Logging Service...
         Starting LSB: automatic crash report generation...
         Starting Permit User Sessions...
         Starting LXD - container startup/shutdown...
[[0;32m  OK  [0m] Started irqbalance daemon.
         Starting LSB: Record successful boot for GRUB...
         Starting Login Service...
         Starting Virtualbox guest utils...
         Starting Snappy daemon...
         Starting Dispatcher daemon for systemd-networkd...
[[0;32m  OK  [0m] Started D-Bus System Message Bus.
[[0;32m  OK  [0m] Started Login Service.
         Starting Pollinate to seed the pseudo random number generator...
[[0;32m  OK  [0m] Started FUSE filesystem for LXC.
[[0;32m  OK  [0m] Started Unattended Upgrades Shutdown.
[[0;32m  OK  [0m] Started System Logging Service.
[[0;32m  OK  [0m] Started Availability of block devices.
[[0;32m  OK  [0m] Started Permit User Sessions.
[[0;32m  OK  [0m] Started LXD - container startup/shutdown.
         Starting Authorization Manager...
         Starting Terminate Plymouth Boot Screen...
         Starting Hold until boot process finishes up...
[[0;32m  OK  [0m] Started Terminate Plymouth Boot Screen.
[[0;32m  OK  [0m] Started Hold until boot process finishes up.
         Starting Set console scheme...
[[0;32m  OK  [0m] Started Serial Getty on ttyS0.
[[0;32m  OK  [0m] Started LSB: automatic crash report generation.
[[0;32m  OK  [0m] Started LSB: Record successful boot for GRUB.
[[0;32m  OK  [0m] Started Set console scheme.
[[0;32m  OK  [0m] Created slice system-getty.slice.
[[0;32m  OK  [0m] Started Getty on tty1.
[[0;32m  OK  [0m] Reached target Login Prompts.
[[0;32m  OK  [0m] Started Authorization Manager.
[[0;32m  OK  [0m] Started Accounts Service.
[[0;32m  OK  [0m] Started Virtualbox guest utils.
[[0;32m  OK  [0m] Started Dispatcher daemon for systemd-networkd.
[[0;32m  OK  [0m] Started Snappy daemon.
         Starting Wait until snapd is fully seeded...
[[0;32m  OK  [0m] Started Wait until snapd is fully seeded.
         Starting Apply the settings specified in cloud-config...
[   16.036316] cloud-init[1101]: Cloud-init v. 19.4-33-gbb4131a2-0ubuntu1~18.04.1 running 'modules:config' at Fri, 29 May 2020 10:20:01 +0000. Up 15.64 seconds.
[[0;32m  OK  [0m] Started Apply the settings specified in cloud-config.

Ubuntu 18.04.4 LTS ubuntu-bionic ttyS0

ubuntu-bionic login: ci-info: no authorized SSH keys fingerprints found for user ubuntu.
<14>May 29 10:20:09 ec2: 
<14>May 29 10:20:09 ec2: #############################################################
<14>May 29 10:20:09 ec2: -----BEGIN SSH HOST KEY FINGERPRINTS-----
<14>May 29 10:20:09 ec2: 1024 SHA256:PY+hnRYZ2QqObKWSCPnizg7HLp2NMC+voLcZIxpjb8Q root@ubuntu-bionic (DSA)
<14>May 29 10:20:09 ec2: 256 SHA256:4gW7gEsTUm4AXJQgV/JAClTCs059rTgZwyaojk1nrwI root@ubuntu-bionic (ECDSA)
<14>May 29 10:20:09 ec2: 256 SHA256:GP73GamOpGxv2PNmY5cWK3n5qWLRzcokXTB7afjwUcU root@ubuntu-bionic (ED25519)
<14>May 29 10:20:09 ec2: 2048 SHA256:PjRT8yxO0Nj6b0w6ecfp6dO3HQPqCNfSw0KSsbrh2Xc root@ubuntu-bionic (RSA)
<14>May 29 10:20:09 ec2: -----END SSH HOST KEY FINGERPRINTS-----
<14>May 29 10:20:09 ec2: #############################################################
-----BEGIN SSH HOST KEY KEYS-----
ecdsa-sha2-nistp256 AAAAE2VjZHNhLXNoYTItbmlzdHAyNTYAAAAIbmlzdHAyNTYAAABBBARn83/8kqoVS9yW2n8flRZfPHCNq0F4Q8o9uio5IHRWWMNTWCG3c9j21L3j2Yxl0QixCrJ9glfxDaPISSJ6/fc= root@ubuntu-bionic
ssh-ed25519 AAAAC3NzaC1lZDI1NTE5AAAAIO5rTOV2z5fF+yRHH/fQwdHllL7fXAWAWyC71hM5iBYV root@ubuntu-bionic
ssh-rsa AAAAB3NzaC1yc2EAAAADAQABAAABAQDMOGaD6AnoZsgNITDN5zWSoD4bqMMGoSx/3Bh3JZlnEJbZjqdobkxhxKd92P0zzUsfW30KwTV59OZPQH7qjRTI/9Bs9ABBYPgPMJbJmFYSoCS959VKnWlWvCZoJ5ihkbyiy9nZuSiHxzdRyK+a86vedYqhWVaddYAbzrIQ4BnxdclrMIWlNT55cJ0bjrFmisotl7FksVa8L8yTt/8wfjd9xzDkQ+N38Nb7/oDrhEsQYTSR5c0Q1LnmlW6bhlUrzDSX9XHpD3fFjuIFSeYtDQoEsAMAzV7RVbOGo05Lmqwq0xMpZiKeLmNH+7VrHYY7rTqPaf34IhnrZ7LshO/W3zcz root@ubuntu-bionic
-----END SSH HOST KEY KEYS-----
[   23.576363] cloud-init[1191]: Cloud-init v. 19.4-33-gbb4131a2-0ubuntu1~18.04.1 running 'modules:final' at Fri, 29 May 2020 10:20:09 +0000. Up 23.35 seconds.
[   23.576447] cloud-init[1191]: ci-info: no authorized SSH keys fingerprints found for user ubuntu.
[   23.576485] cloud-init[1191]: Cloud-init v. 19.4-33-gbb4131a2-0ubuntu1~18.04.1 finished at Fri, 29 May 2020 10:20:09 +0000. Datasource DataSourceNoCloud [seed=/dev/sdb][dsmode=net].  Up 23.57 seconds
